
The following files have been resolved:
   io.quarkus:quarkus-rest:jar:3.22.3:compile -- module quarkus.rest (auto)
   io.quarkus:quarkus-rest-common:jar:3.22.3:compile -- module quarkus.rest.common (auto)
   io.quarkus.resteasy.reactive:resteasy-reactive-common:jar:3.22.3:compile -- module resteasy.reactive.common (auto)
   io.quarkus.resteasy.reactive:resteasy-reactive-common-types:jar:3.22.3:compile -- module resteasy.reactive.common.types (auto)
   io.smallrye.common:smallrye-common-annotation:jar:2.12.0:compile -- module io.smallrye.common.annotation
   io.quarkus:quarkus-vertx:jar:3.22.3:compile -- module quarkus.vertx (auto)
   io.quarkus:quarkus-netty:jar:3.22.3:compile -- module quarkus.netty (auto)
   io.netty:netty-codec:jar:4.1.119.Final:compile -- module io.netty.codec [auto]
   io.netty:netty-codec-haproxy:jar:4.1.119.Final:compile -- module io.netty.codec.haproxy [auto]
   io.quarkus:quarkus-vertx-latebound-mdc-provider:jar:3.22.3:compile -- module quarkus.vertx.latebound.mdc.provider (auto)
   io.smallrye:smallrye-fault-tolerance-vertx:jar:6.9.1:compile -- module smallrye.fault.tolerance.vertx (auto)
   io.quarkus.resteasy.reactive:resteasy-reactive-vertx:jar:3.22.3:compile -- module resteasy.reactive.vertx (auto)
   io.vertx:vertx-web:jar:4.5.14:compile -- module io.vertx.web [auto]
   io.vertx:vertx-web-common:jar:4.5.14:compile -- module io.vertx.web.common [auto]
   io.vertx:vertx-auth-common:jar:4.5.14:compile -- module io.vertx.auth.common [auto]
   io.vertx:vertx-bridge-common:jar:4.5.14:compile -- module io.vertx.eventbusbridge.common [auto]
   io.smallrye.reactive:smallrye-mutiny-vertx-core:jar:3.18.1:compile -- module io.smallrye.mutiny.vertx.core [auto]
   io.smallrye.reactive:smallrye-mutiny-vertx-runtime:jar:3.18.1:compile -- module io.smallrye.mutiny.vertx.runtime [auto]
   io.smallrye.reactive:vertx-mutiny-generator:jar:3.18.1:compile -- module vertx.mutiny.generator (auto)
   io.vertx:vertx-codegen:jar:4.5.14:compile -- module io.vertx.codegen [auto]
   io.quarkus.resteasy.reactive:resteasy-reactive:jar:3.22.3:compile -- module resteasy.reactive (auto)
   io.quarkus.vertx.utils:quarkus-vertx-utils:jar:3.22.3:compile -- module quarkus.vertx.utils (auto)
   org.jboss.logging:commons-logging-jboss-logging:jar:1.0.0.Final:compile -- module commons.logging.jboss.logging (auto)
   jakarta.xml.bind:jakarta.xml.bind-api:jar:4.0.2:compile -- module jakarta.xml.bind
   jakarta.activation:jakarta.activation-api:jar:2.1.3:compile -- module jakarta.activation
   org.jboss.logging:jboss-logging:jar:3.6.1.Final:compile -- module org.jboss.logging
   io.quarkus:quarkus-vertx-http:jar:3.22.3:compile -- module quarkus.vertx.http (auto)
   io.quarkus:quarkus-tls-registry:jar:3.22.3:compile -- module quarkus.tls.registry (auto)
   io.quarkus:quarkus-tls-registry-spi:jar:3.22.3:compile -- module quarkus.tls.registry.spi (auto)
   io.smallrye.certs:smallrye-private-key-pem-parser:jar:0.9.2:compile
   io.quarkus:quarkus-credentials:jar:3.22.3:compile -- module quarkus.credentials (auto)
   io.smallrye.common:smallrye-common-vertx-context:jar:2.12.0:compile -- module io.smallrye.common.vertx
   io.smallrye.common:smallrye-common-constraint:jar:2.12.0:compile -- module io.smallrye.common.constraint
   io.smallrye.reactive:smallrye-mutiny-vertx-web:jar:3.18.1:compile -- module io.smallrye.mutiny.vertx.web [auto]
   io.smallrye.reactive:smallrye-mutiny-vertx-web-common:jar:3.18.1:compile -- module io.smallrye.mutiny.vertx.web.common [auto]
   io.smallrye.reactive:smallrye-mutiny-vertx-auth-common:jar:3.18.1:compile -- module io.smallrye.mutiny.vertx.auth.common [auto]
   io.smallrye.reactive:smallrye-mutiny-vertx-bridge-common:jar:3.18.1:compile -- module io.smallrye.mutiny.vertx.bridge.common [auto]
   io.smallrye.reactive:smallrye-mutiny-vertx-uri-template:jar:3.18.1:compile -- module io.smallrye.mutiny.vertx.uri.template [auto]
   io.vertx:vertx-uri-template:jar:4.5.14:compile -- module io.vertx.uritemplate [auto]
   io.github.crac:org-crac:jar:0.1.3:compile -- module org.crac (auto)
   com.aayushatharva.brotli4j:brotli4j:jar:1.16.0:compile -- module com.aayushatharva.brotli4j
   com.aayushatharva.brotli4j:service:jar:1.16.0:compile -- module com.aayushatharva.brotli4j.service
   com.aayushatharva.brotli4j:native-linux-x86_64:jar:1.16.0:compile -- module com.aayushatharva.brotli4j.linux.x86_64
   io.quarkus:quarkus-jsonp:jar:3.22.3:compile -- module quarkus.jsonp (auto)
   org.eclipse.parsson:parsson:jar:1.1.7:compile -- module org.eclipse.parsson
   jakarta.json:jakarta.json-api:jar:2.1.3:compile -- module jakarta.json
   io.quarkus:quarkus-virtual-threads:jar:3.22.3:compile -- module quarkus.virtual.threads (auto)
   io.vertx:vertx-core:jar:4.5.14:compile -- module io.vertx.core [auto]
   io.netty:netty-common:jar:4.1.119.Final:compile -- module io.netty.common [auto]
   io.netty:netty-buffer:jar:4.1.119.Final:compile -- module io.netty.buffer [auto]
   io.netty:netty-transport:jar:4.1.119.Final:compile -- module io.netty.transport [auto]
   io.netty:netty-handler:jar:4.1.119.Final:compile -- module io.netty.handler [auto]
   io.netty:netty-transport-native-unix-common:jar:4.1.119.Final:compile -- module io.netty.transport.unix.common [auto]
   io.netty:netty-handler-proxy:jar:4.1.119.Final:compile -- module io.netty.handler.proxy [auto]
   io.netty:netty-codec-socks:jar:4.1.119.Final:compile -- module io.netty.codec.socks [auto]
   io.netty:netty-codec-http:jar:4.1.119.Final:compile -- module io.netty.codec.http [auto]
   io.netty:netty-codec-http2:jar:4.1.119.Final:compile -- module io.netty.codec.http2 [auto]
   io.netty:netty-resolver:jar:4.1.119.Final:compile -- module io.netty.resolver [auto]
   io.netty:netty-resolver-dns:jar:4.1.119.Final:compile -- module io.netty.resolver.dns [auto]
   io.netty:netty-codec-dns:jar:4.1.119.Final:compile -- module io.netty.codec.dns [auto]
   com.fasterxml.jackson.core:jackson-core:jar:2.18.3:compile -- module com.fasterxml.jackson.core
   io.quarkus:quarkus-rest-jackson:jar:3.22.3:compile -- module quarkus.rest.jackson (auto)
   io.quarkus:quarkus-rest-jackson-common:jar:3.22.3:compile -- module quarkus.rest.jackson.common (auto)
   io.quarkus.resteasy.reactive:resteasy-reactive-jackson:jar:3.22.3:compile -- module resteasy.reactive.jackson (auto)
   com.fasterxml.jackson.core:jackson-databind:jar:2.18.3:compile -- module com.fasterxml.jackson.databind
   com.fasterxml.jackson.core:jackson-annotations:jar:2.18.3:compile -- module com.fasterxml.jackson.annotation
   io.quarkus:quarkus-jackson:jar:3.22.3:compile -- module quarkus.jackson (auto)
   com.fasterxml.jackson.datatype:jackson-datatype-jsr310:jar:2.18.3:compile -- module com.fasterxml.jackson.datatype.jsr310
   com.fasterxml.jackson.datatype:jackson-datatype-jdk8:jar:2.18.3:compile -- module com.fasterxml.jackson.datatype.jdk8
   com.fasterxml.jackson.module:jackson-module-parameter-names:jar:2.18.3:compile -- module com.fasterxml.jackson.module.paramnames
   io.quarkus:quarkus-arc:jar:3.22.3:compile -- module quarkus.arc (auto)
   io.quarkus.arc:arc:jar:3.22.3:compile -- module arc (auto)
   io.smallrye.reactive:mutiny:jar:2.8.0:compile -- module io.smallrye.mutiny
   org.jctools:jctools-core:jar:4.0.5:compile -- module org.jctools.core
   io.quarkus:quarkus-core:jar:3.22.3:compile -- module quarkus.core (auto)
   jakarta.inject:jakarta.inject-api:jar:2.0.1:compile -- module jakarta.inject
   io.smallrye.common:smallrye-common-os:jar:2.12.0:compile -- module io.smallrye.common.os
   io.quarkus:quarkus-ide-launcher:jar:3.22.3:compile -- module quarkus.ide.launcher (auto)
   io.quarkus:quarkus-development-mode-spi:jar:3.22.3:compile -- module quarkus.development.mode.spi (auto)
   io.smallrye.config:smallrye-config:jar:3.12.4:compile -- module smallrye.config (auto)
   io.smallrye.config:smallrye-config-core:jar:3.12.4:compile -- module smallrye.config.core (auto)
   io.smallrye.common:smallrye-common-classloader:jar:2.12.0:compile -- module io.smallrye.common.classloader
   io.smallrye.config:smallrye-config-common:jar:3.12.4:compile -- module smallrye.config.common (auto)
   org.jboss.logmanager:jboss-logmanager:jar:3.1.2.Final:compile -- module org.jboss.logmanager
   io.smallrye.common:smallrye-common-cpu:jar:2.12.0:compile -- module io.smallrye.common.cpu
   io.smallrye.common:smallrye-common-expression:jar:2.12.0:compile -- module io.smallrye.common.expression
   io.smallrye.common:smallrye-common-net:jar:2.12.0:compile -- module io.smallrye.common.net
   io.smallrye.common:smallrye-common-ref:jar:2.12.0:compile -- module io.smallrye.common.ref
   org.jboss.threads:jboss-threads:jar:3.8.0.Final:compile -- module org.jboss.threads
   io.smallrye.common:smallrye-common-function:jar:2.12.0:compile -- module io.smallrye.common.function
   org.slf4j:slf4j-api:jar:2.0.6:compile -- module org.slf4j
   org.jboss.slf4j:slf4j-jboss-logmanager:jar:2.0.0.Final:compile -- module slf4j.jboss.logmanager (auto)
   org.wildfly.common:wildfly-common:jar:2.0.1:compile -- module org.wildfly.common
   io.quarkus:quarkus-bootstrap-runner:jar:3.22.3:compile -- module quarkus.bootstrap.runner (auto)
   io.quarkus:quarkus-fs-util:jar:1.0.0:compile -- module quarkus.fs.util (auto)
   org.eclipse.microprofile.context-propagation:microprofile-context-propagation-api:jar:1.3:compile -- module microprofile.context.propagation.api (auto)
   io.quarkus:quarkus-hibernate-orm-panache:jar:3.22.3:compile -- module quarkus.hibernate.orm.panache (auto)
   io.quarkus:quarkus-hibernate-orm:jar:3.22.3:compile -- module quarkus.hibernate.orm (auto)
   org.hibernate.orm:hibernate-core:jar:6.6.14.Final:compile -- module org.hibernate.orm.core [auto]
   org.antlr:antlr4-runtime:jar:4.13.0:compile -- module org.antlr.antlr4.runtime [auto]
   net.bytebuddy:byte-buddy:jar:1.15.11:compile -- module net.bytebuddy
   org.hibernate.common:hibernate-commons-annotations:jar:7.0.3.Final:compile -- module org.hibernate.commons.annotations
   org.hibernate.orm:hibernate-graalvm:jar:6.6.14.Final:compile -- module org.hibernate.orm.graalvm [auto]
   org.glassfish.jaxb:jaxb-runtime:jar:4.0.5:compile -- module org.glassfish.jaxb.runtime
   org.glassfish.jaxb:jaxb-core:jar:4.0.5:compile -- module org.glassfish.jaxb.core
   org.eclipse.angus:angus-activation:jar:2.0.2:runtime -- module org.eclipse.angus.activation
   org.glassfish.jaxb:txw2:jar:4.0.5:compile -- module com.sun.xml.txw2
   com.sun.istack:istack-commons-runtime:jar:4.1.2:compile -- module com.sun.istack.runtime
   jakarta.persistence:jakarta.persistence-api:jar:3.1.0:compile -- module jakarta.persistence
   org.hibernate:quarkus-local-cache:jar:0.3.1:compile -- module quarkus.local.cache (auto)
   io.quarkus:quarkus-caffeine:jar:3.22.3:compile -- module quarkus.caffeine (auto)
   com.github.ben-manes.caffeine:caffeine:jar:3.2.0:compile -- module com.github.benmanes.caffeine
   org.jspecify:jspecify:jar:1.0.0:compile -- module org.jspecify
   com.google.errorprone:error_prone_annotations:jar:2.37.0:compile -- module com.google.errorprone.annotations
   io.quarkus:quarkus-hibernate-orm-panache-common:jar:3.22.3:compile -- module quarkus.hibernate.orm.panache.common (auto)
   io.quarkus:quarkus-panache-hibernate-common:jar:3.22.3:compile -- module quarkus.panache.hibernate.common (auto)
   io.quarkus:quarkus-panache-common:jar:3.22.3:compile -- module quarkus.panache.common (auto)
   io.quarkus:quarkus-jdbc-mysql:jar:3.22.3:compile -- module quarkus.jdbc.mysql (auto)
   io.quarkus:quarkus-agroal:jar:3.22.3:compile -- module quarkus.agroal (auto)
   io.quarkus:quarkus-datasource:jar:3.22.3:compile -- module quarkus.datasource (auto)
   io.agroal:agroal-api:jar:2.6:compile -- module agroal.api (auto)
   io.agroal:agroal-narayana:jar:2.6:compile -- module agroal.narayana (auto)
   io.agroal:agroal-pool:jar:2.6:compile -- module agroal.pool (auto)
   com.mysql:mysql-connector-j:jar:8.3.0:compile -- module mysql.connector.j (auto)
   io.quarkus:quarkus-security:jar:3.22.3:compile -- module quarkus.security (auto)
   io.quarkus:quarkus-security-runtime-spi:jar:3.22.3:compile -- module quarkus.security.runtime.spi (auto)
   jakarta.interceptor:jakarta.interceptor-api:jar:2.2.0:compile -- module jakarta.interceptor
   io.quarkus.security:quarkus-security:jar:2.2.1:compile -- module io.quarkus.security.api [auto]
   jakarta.enterprise:jakarta.enterprise.cdi-api:jar:4.1.0:compile -- module jakarta.cdi
   jakarta.enterprise:jakarta.enterprise.lang-model:jar:4.1.0:compile -- module jakarta.cdi.lang.model
   jakarta.el:jakarta.el-api:jar:5.0.1:compile -- module jakarta.el
   io.quarkus:quarkus-smallrye-jwt:jar:3.22.3:compile -- module quarkus.smallrye.jwt (auto)
   io.smallrye:smallrye-jwt:jar:4.6.1:compile -- module smallrye.jwt (auto)
   org.eclipse.microprofile.config:microprofile-config-api:jar:3.1:compile -- module microprofile.config.api (auto)
   org.eclipse.microprofile.jwt:microprofile-jwt-auth-api:jar:2.1:compile -- module microprofile.jwt.auth.api (auto)
   org.bitbucket.b_c:jose4j:jar:0.9.6:compile -- module org.jose4j [auto]
   io.smallrye:smallrye-jwt-common:jar:4.6.1:compile -- module smallrye.jwt.common (auto)
   jakarta.annotation:jakarta.annotation-api:jar:3.0.0:compile -- module jakarta.annotation
   io.quarkus:quarkus-smallrye-jwt-build:jar:3.22.3:compile -- module quarkus.smallrye.jwt.build (auto)
   io.smallrye:smallrye-jwt-build:jar:4.6.1:compile -- module smallrye.jwt.build (auto)
   io.quarkus:quarkus-hibernate-validator:jar:3.22.3:compile -- module quarkus.hibernate.validator (auto)
   org.hibernate.validator:hibernate-validator:jar:8.0.2.Final:compile -- module org.hibernate.validator [auto]
   jakarta.validation:jakarta.validation-api:jar:3.0.2:compile -- module jakarta.validation
   com.fasterxml:classmate:jar:1.7.0:compile -- module com.fasterxml.classmate
   org.glassfish.expressly:expressly:jar:5.0.0:compile -- module org.glassfish.expressly [auto]
   io.smallrye.config:smallrye-config-validator:jar:3.12.4:compile -- module smallrye.config.validator (auto)
   jakarta.ws.rs:jakarta.ws.rs-api:jar:3.1.0:compile -- module jakarta.ws.rs
   io.quarkus:quarkus-narayana-jta:jar:3.22.3:compile -- module quarkus.narayana.jta (auto)
   io.quarkus:quarkus-transaction-annotations:jar:3.22.3:compile -- module quarkus.transaction.annotations (auto)
   io.quarkus:quarkus-mutiny:jar:3.22.3:compile -- module quarkus.mutiny (auto)
   io.quarkus:quarkus-smallrye-context-propagation:jar:3.22.3:compile -- module quarkus.smallrye.context.propagation (auto)
   io.smallrye:smallrye-context-propagation:jar:2.2.1:compile -- module smallrye.context.propagation (auto)
   io.smallrye:smallrye-context-propagation-api:jar:2.2.1:compile -- module smallrye.context.propagation.api (auto)
   io.smallrye:smallrye-context-propagation-storage:jar:2.2.1:compile -- module smallrye.context.propagation.storage (auto)
   io.smallrye.reactive:mutiny-smallrye-context-propagation:jar:2.8.0:compile -- module mutiny.smallrye.context.propagation (auto)
   io.quarkus:quarkus-datasource-common:jar:3.22.3:compile -- module quarkus.datasource.common (auto)
   io.smallrye:smallrye-context-propagation-jta:jar:2.2.1:compile -- module smallrye.context.propagation.jta (auto)
   jakarta.transaction:jakarta.transaction-api:jar:2.0.1:compile -- module jakarta.transaction
   io.smallrye.reactive:smallrye-reactive-converter-api:jar:3.0.3:compile -- module smallrye.reactive.converter.api (auto)
   org.reactivestreams:reactive-streams:jar:1.0.4:compile -- module org.reactivestreams [auto]
   io.smallrye.reactive:smallrye-reactive-converter-mutiny:jar:3.0.3:compile -- module smallrye.reactive.converter.mutiny (auto)
   io.smallrye.reactive:mutiny-zero-flow-adapters:jar:1.1.1:compile -- module mutiny.zero.flow.adapters
   org.jboss.narayana.jta:narayana-jta:jar:7.2.2.Final:compile -- module narayana.jta (auto)
   org.jboss:jboss-transaction-spi:jar:8.0.0.Final:compile -- module jboss.transaction.spi (auto)
   jakarta.resource:jakarta.resource-api:jar:2.1.0:compile -- module jakarta.resource
   org.jboss.invocation:jboss-invocation:jar:2.0.0.Final:compile -- module jboss.invocation (auto)
   org.eclipse.microprofile.reactive-streams-operators:microprofile-reactive-streams-operators-api:jar:3.0.1:compile -- module microprofile.reactive.streams.operators.api (auto)
   org.jboss.narayana.jts:narayana-jts-integration:jar:7.2.2.Final:compile -- module narayana.jts.integration (auto)
   org.mindrot:jbcrypt:jar:0.4:compile -- module jbcrypt (auto)
   org.projectlombok:lombok:jar:1.18.34:provided -- module lombok
   io.quarkus:quarkus-junit5:jar:3.22.3:test -- module quarkus.junit5 (auto)
   io.quarkus:quarkus-bootstrap-core:jar:3.22.3:test -- module quarkus.bootstrap.core (auto)
   io.quarkus:quarkus-classloader-commons:jar:3.22.3:compile -- module quarkus.classloader.commons (auto)
   io.quarkus:quarkus-bootstrap-app-model:jar:3.22.3:test -- module quarkus.bootstrap.app.model (auto)
   io.smallrye.common:smallrye-common-io:jar:2.12.0:compile -- module io.smallrye.common.io
   org.eclipse.sisu:org.eclipse.sisu.inject:jar:0.9.0.M3:test -- module org.eclipse.sisu.inject (auto)
   io.quarkus:quarkus-test-common:jar:3.22.3:test -- module quarkus.test.common (auto)
   io.quarkus:quarkus-core-deployment:jar:3.22.3:test -- module quarkus.core.deployment (auto)
   org.aesh:readline:jar:2.6:test -- module org.aesh.readline [auto]
   org.fusesource.jansi:jansi:jar:2.4.0:test -- module org.fusesource.jansi [auto]
   org.aesh:aesh:jar:2.8.2:test -- module org.aesh.aesh [auto]
   io.quarkus.gizmo:gizmo:jar:1.9.0:test -- module gizmo (auto)
   org.ow2.asm:asm-util:jar:9.8:test -- module org.objectweb.asm.util
   org.ow2.asm:asm-analysis:jar:9.8:test -- module org.objectweb.asm.tree.analysis
   org.ow2.asm:asm:jar:9.8:test -- module org.objectweb.asm
   org.ow2.asm:asm-commons:jar:9.8:test -- module org.objectweb.asm.commons
   org.ow2.asm:asm-tree:jar:9.8:test -- module org.objectweb.asm.tree
   io.quarkus:quarkus-hibernate-validator-spi:jar:3.22.3:test -- module quarkus.hibernate.validator.spi (auto)
   io.quarkus:quarkus-class-change-agent:jar:3.22.3:test -- module quarkus.klass.change.agent [auto]
   io.quarkus:quarkus-devtools-utilities:jar:3.22.3:test -- module quarkus.devtools.utilities (auto)
   io.quarkus:quarkus-builder:jar:3.22.3:test -- module quarkus.builder (auto)
   org.graalvm.sdk:nativeimage:jar:23.1.2:test -- module org.graalvm.nativeimage
   org.graalvm.sdk:word:jar:23.1.2:test -- module org.graalvm.word
   org.junit.platform:junit-platform-launcher:jar:1.12.2:test -- module org.junit.platform.launcher
   io.quarkus:quarkus-bootstrap-maven-resolver:jar:3.22.3:test -- module quarkus.bootstrap.maven.resolver (auto)
   io.smallrye.beanbag:smallrye-beanbag-maven:jar:1.5.2:test -- module smallrye.beanbag.maven (auto)
   io.smallrye.beanbag:smallrye-beanbag-sisu:jar:1.5.2:test -- module smallrye.beanbag.sisu (auto)
   io.smallrye.beanbag:smallrye-beanbag:jar:1.5.2:test -- module smallrye.beanbag (auto)
   javax.inject:javax.inject:jar:1:test -- module javax.inject (auto)
   org.apache.maven:maven-artifact:jar:3.9.9:test -- module maven.artifact (auto)
   org.apache.maven:maven-builder-support:jar:3.9.9:test -- module maven.builder.support (auto)
   org.apache.maven:maven-model:jar:3.9.9:test -- module maven.model (auto)
   org.apache.maven:maven-model-builder:jar:3.9.9:test -- module maven.model.builder (auto)
   org.apache.maven:maven-repository-metadata:jar:3.9.9:test -- module maven.repository.metadata (auto)
   org.apache.maven:maven-settings:jar:3.9.9:test -- module maven.settings (auto)
   org.apache.maven.resolver:maven-resolver-api:jar:1.9.22:test -- module org.apache.maven.resolver [auto]
   org.apache.maven.resolver:maven-resolver-impl:jar:1.9.22:test -- module org.apache.maven.resolver.impl [auto]
   org.apache.maven.resolver:maven-resolver-named-locks:jar:1.9.22:test -- module org.apache.maven.resolver.named.locks [auto]
   org.apache.maven.resolver:maven-resolver-spi:jar:1.9.22:test -- module org.apache.maven.resolver.spi [auto]
   org.apache.maven.resolver:maven-resolver-util:jar:1.9.22:test -- module org.apache.maven.resolver.util [auto]
   org.apache.maven.resolver:maven-resolver-transport-http:jar:1.9.20:test -- module org.apache.maven.resolver.transport.http [auto]
   org.apache.maven.wagon:wagon-provider-api:jar:3.5.3:test -- module wagon.provider.api (auto)
   org.apache.maven.wagon:wagon-http-shared:jar:3.5.3:test -- module wagon.http.shared (auto)
   org.codehaus.plexus:plexus-interpolation:jar:1.26:test -- module plexus.interpolation (auto)
   org.codehaus.plexus:plexus-utils:jar:3.5.1:test -- module plexus.utils (auto)
   org.codehaus.plexus:plexus-xml:jar:4.0.1:test -- module plexus.xml (auto)
   org.apache.maven:maven-xml-impl:jar:4.0.0-alpha-5:test -- module maven.xml.impl (auto)
   org.apache.maven:maven-api-xml:jar:4.0.0-alpha-5:test -- module maven.api.xml (auto)
   org.apache.maven:maven-api-meta:jar:4.0.0-alpha-5:test -- module maven.api.meta (auto)
   org.codehaus.plexus:plexus-cipher:jar:2.0:test -- module plexus.cipher (auto)
   org.codehaus.plexus:plexus-sec-dispatcher:jar:2.0:test -- module plexus.sec.dispatcher (auto)
   org.apache.maven:maven-embedder:jar:3.9.9:test -- module maven.embedder (auto)
   org.apache.maven:maven-core:jar:3.9.9:test -- module maven.core (auto)
   org.codehaus.plexus:plexus-component-annotations:jar:2.1.0:test -- module plexus.component.annotations (auto)
   org.apache.maven:maven-plugin-api:jar:3.9.9:test -- module maven.plugin.api (auto)
   org.apache.maven.shared:maven-shared-utils:jar:3.4.2:test -- module maven.shared.utils (auto)
   com.google.inject:guice:jar:5.1.0:test -- module com.google.guice [auto]
   aopalliance:aopalliance:jar:1.0:test -- module aopalliance (auto)
   com.google.guava:guava:jar:33.4.8-jre:test -- module com.google.common
   com.google.guava:failureaccess:jar:1.0.1:test -- module failureaccess (auto)
   javax.annotation:javax.annotation-api:jar:1.3.2:test -- module java.annotation [auto]
   org.codehaus.plexus:plexus-classworlds:jar:2.6.0:test -- module plexus.classworlds (auto)
   commons-cli:commons-cli:jar:1.8.0:test -- module org.apache.commons.cli
   org.eclipse.sisu:org.eclipse.sisu.plexus:jar:0.9.0.M3:test -- module org.eclipse.sisu.plexus (auto)
   org.apache.maven:maven-settings-builder:jar:3.9.9:test -- module maven.settings.builder (auto)
   org.apache.maven:maven-resolver-provider:jar:3.9.9:test -- module maven.resolver.provider (auto)
   org.apache.maven.resolver:maven-resolver-connector-basic:jar:1.9.22:test -- module org.apache.maven.resolver.connector.basic [auto]
   org.apache.maven.resolver:maven-resolver-transport-wagon:jar:1.9.22:test -- module org.apache.maven.resolver.transport.wagon [auto]
   org.apache.maven.wagon:wagon-http:jar:3.5.3:test -- module wagon.http (auto)
   org.apache.maven.wagon:wagon-file:jar:3.5.3:test -- module wagon.file (auto)
   io.quarkus:quarkus-bootstrap-gradle-resolver:jar:3.22.3:test -- module quarkus.bootstrap.gradle.resolver (auto)
   io.smallrye:jandex:jar:3.3.1:test -- module org.jboss.jandex
   commons-io:commons-io:jar:2.19.0:test -- module org.apache.commons.io
   io.quarkus:quarkus-junit5-config:jar:3.22.3:test -- module quarkus.junit5.config (auto)
   org.junit.jupiter:junit-jupiter-api:jar:5.12.2:test -- module org.junit.jupiter.api
   org.opentest4j:opentest4j:jar:1.3.0:test -- module org.opentest4j
   org.junit.platform:junit-platform-commons:jar:1.12.2:test -- module org.junit.platform.commons
   org.apiguardian:apiguardian-api:jar:1.1.2:test -- module org.apiguardian.api
   org.junit.jupiter:junit-jupiter:jar:5.12.2:test -- module org.junit.jupiter
   org.junit.jupiter:junit-jupiter-params:jar:5.12.2:test -- module org.junit.jupiter.params
   org.junit.jupiter:junit-jupiter-engine:jar:5.12.2:test -- module org.junit.jupiter.engine
   org.junit.platform:junit-platform-engine:jar:1.12.2:test -- module org.junit.platform.engine
   io.rest-assured:rest-assured:jar:5.5.1:test -- module rest.assured (auto)
   org.apache.groovy:groovy:jar:4.0.22:test -- module org.apache.groovy [auto]
   org.apache.groovy:groovy-xml:jar:4.0.22:test -- module org.apache.groovy.xml [auto]
   org.apache.httpcomponents:httpclient:jar:4.5.14:test -- module org.apache.httpcomponents.httpclient [auto]
   org.apache.httpcomponents:httpcore:jar:4.4.16:test -- module org.apache.httpcomponents.httpcore [auto]
   commons-codec:commons-codec:jar:1.18.0:test -- module org.apache.commons.codec
   org.apache.httpcomponents:httpmime:jar:4.5.14:test -- module org.apache.httpcomponents.httpmime [auto]
   org.hamcrest:hamcrest:jar:2.2:test -- module org.hamcrest [auto]
   org.ccil.cowan.tagsoup:tagsoup:jar:1.2.1:test -- module tagsoup (auto)
   io.rest-assured:json-path:jar:5.5.1:test -- module json.path (auto)
   org.apache.groovy:groovy-json:jar:4.0.22:test -- module org.apache.groovy.json [auto]
   io.rest-assured:rest-assured-common:jar:5.5.1:test -- module rest.assured.common (auto)
   io.rest-assured:xml-path:jar:5.5.1:test -- module xml.path (auto)
   org.apache.commons:commons-lang3:jar:3.17.0:test -- module org.apache.commons.lang3

